<?xml version="1.0" encoding="UTF-8"?>
<testng-results total="4" passed="4" failed="0" skipped="0">
  <reporter-output>
    <line>
      <![CDATA[Executing Test1]]>
    </line>
    <line>
      <![CDATA[Executing Test2]]>
    </line>
    <line>
      <![CDATA[Executing Test3]]>
    </line>
    <line>
      <![CDATA[Executing Test4]]>
    </line>
  </reporter-output>
  <suite started-at="2022-07-18T09:22:09Z" name="Suite" finished-at="2022-07-18T09:22:09Z" duration-ms="35">
    <groups>
    </groups>
    <test started-at="2022-07-18T09:22:09Z" name="Test" finished-at="2022-07-18T09:22:09Z" duration-ms="35">
      <class name="org.practice.PracticeTest1">
        <test-method signature="display()[pri:0, instance:org.practice.PracticeTest1@71329995]" started-at="2022-07-18T14:52:09Z" name="display" finished-at="2022-07-18T14:52:09Z" duration-ms="14" status="PASS">
          <reporter-output>
            <line>
              <![CDATA[Executing Test1]]>
            </line>
          </reporter-output>
        </test-method> <!-- display -->
        <test-method signature="display2()[pri:0, instance:org.practice.PracticeTest1@71329995]" started-at="2022-07-18T14:52:09Z" name="display2" finished-at="2022-07-18T14:52:09Z" duration-ms="2" status="PASS">
          <reporter-output>
            <line>
              <![CDATA[Executing Test2]]>
            </line>
          </reporter-output>
        </test-method> <!-- display2 -->
      </class> <!-- org.practice.PracticeTest1 -->
      <class name="org.practice.PracticeTest2">
        <test-method signature="show()[pri:0, instance:org.practice.PracticeTest2@455b6df1]" started-at="2022-07-18T14:52:09Z" name="show" finished-at="2022-07-18T14:52:09Z" duration-ms="1" status="PASS">
          <reporter-output>
            <line>
              <![CDATA[Executing Test3]]>
            </line>
          </reporter-output>
        </test-method> <!-- show -->
        <test-method signature="show2()[pri:0, instance:org.practice.PracticeTest2@455b6df1]" started-at="2022-07-18T14:52:09Z" name="show2" finished-at="2022-07-18T14:52:09Z" duration-ms="1" status="PASS">
          <reporter-output>
            <line>
              <![CDATA[Executing Test4]]>
            </line>
          </reporter-output>
        </test-method> <!-- show2 -->
      </class> <!-- org.practice.PracticeTest2 -->
    </test> <!-- Test -->
  </suite> <!-- Suite -->
</testng-results>
