<?xml version="1.0" encoding="UTF-8"?>
<!-- Generated by org.testng.reporters.JUnitXMLReporter -->
<testsuite hostname="DESKTOP-MOTNN2M" failures="0" tests="4" name="Test" time="0.035" errors="0" timestamp="18 Jul 2022 09:22:09 GMT">
  <testcase classname="org.practice.PracticeTest1" name="display" time="0.014"/>
  <testcase classname="org.practice.PracticeTest1" name="display2" time="0.002"/>
  <testcase classname="org.practice.PracticeTest2" name="show" time="0.001"/>
  <testcase classname="org.practice.PracticeTest2" name="show2" time="0.001"/>
</testsuite> <!-- Test -->
